TN:
SF:src/app.module.ts
FNF:0
FNH:0
DA:1,0
DA:2,0
DA:3,0
DA:4,0
DA:5,0
DA:6,0
DA:7,0
DA:9,0
DA:19,0
LF:9
LH:0
BRF:0
BRH:0
end_of_record
TN:
SF:src/main.ts
FN:5,bootstrap
FNF:1
FNH:0
FNDA:0,bootstrap
DA:1,0
DA:2,0
DA:3,0
DA:6,0
DA:8,0
DA:16,0
DA:17,0
DA:20,0
LF:8
LH:0
BRF:0
BRH:0
end_of_record
TN:
SF:src/partners/partners.module.ts
FNF:0
FNH:0
DA:1,0
DA:2,0
DA:3,0
DA:5,0
DA:9,0
LF:5
LH:0
BRF:0
BRH:0
end_of_record
TN:
SF:src/partners/partners.service.ts
FN:6,(anonymous_13)
FN:8,(anonymous_14)
FN:25,(anonymous_16)
FNF:3
FNH:2
FNDA:5,(anonymous_13)
FNDA:4,(anonymous_14)
FNDA:0,(anonymous_16)
DA:1,1
DA:4,1
DA:5,2
DA:6,5
DA:10,4
DA:14,0
DA:15,0
DA:19,0
DA:23,0
DA:24,0
DA:25,0
DA:29,0
LF:12
LH:5
BRDA:14,0,0,0
BRF:1
BRH:0
end_of_record
TN:
SF:src/prisma/prisma.module.ts
FNF:0
FNH:0
DA:1,0
DA:2,0
DA:4,0
DA:9,0
LF:4
LH:0
BRF:0
BRH:0
end_of_record
TN:
SF:src/prisma/prisma.service.ts
FN:6,(anonymous_13)
FNF:1
FNH:0
FNDA:0,(anonymous_13)
DA:1,2
DA:2,2
DA:4,2
DA:5,4
DA:7,0
LF:5
LH:4
BRF:0
BRH:0
end_of_record
TN:
SF:src/products/products.module.ts
FNF:0
FNH:0
DA:1,0
DA:2,0
DA:3,0
DA:5,0
DA:10,0
LF:5
LH:0
BRF:0
BRH:0
end_of_record
TN:
SF:src/products/products.service.ts
FN:7,(anonymous_13)
FN:9,(anonymous_14)
FN:19,(anonymous_16)
FN:25,(anonymous_18)
FNF:4
FNH:0
FNDA:0,(anonymous_13)
FNDA:0,(anonymous_14)
FNDA:0,(anonymous_16)
FNDA:0,(anonymous_18)
DA:1,0
DA:5,0
DA:6,0
DA:7,0
DA:10,0
DA:20,0
DA:26,0
LF:7
LH:0
BRDA:14,0,0,0
BRDA:14,0,1,0
BRDA:14,1,0,0
BRDA:14,1,1,0
BRF:4
BRH:0
end_of_record
TN:
SF:src/reports/reports.module.ts
FNF:0
FNH:0
DA:1,0
DA:2,0
DA:3,0
DA:5,0
DA:9,0
LF:5
LH:0
BRF:0
BRH:0
end_of_record
TN:
SF:src/sales/sales.module.ts
FNF:0
FNH:0
DA:1,0
DA:2,0
DA:3,0
DA:5,0
DA:9,0
LF:5
LH:0
BRF:0
BRH:0
end_of_record
TN:
SF:src/sales/sales.service.ts
FN:11,(anonymous_13)
FN:13,(anonymous_14)
FN:60,(anonymous_16)
FNF:3
FNH:3
FNDA:7,(anonymous_13)
FNDA:5,(anonymous_14)
FNDA:1,(anonymous_16)
DA:1,1
DA:9,1
DA:10,2
DA:11,7
DA:15,5
DA:19,0
DA:20,0
DA:24,0
DA:28,0
DA:29,0
DA:32,0
DA:33,0
DA:37,0
DA:41,0
DA:42,0
DA:45,0
DA:46,0
DA:50,0
DA:61,1
LF:19
LH:6
BRDA:19,0,0,0
BRDA:28,1,0,0
BRDA:32,2,0,0
BRDA:41,3,0,0
BRDA:45,4,0,0
BRF:5
BRH:0
end_of_record
TN:
SF:src/users/users.module.ts
FNF:0
FNH:0
DA:1,0
DA:2,0
DA:3,0
DA:5,0
DA:10,0
LF:5
LH:0
BRF:0
BRH:0
end_of_record
TN:
SF:src/users/users.service.ts
FN:7,(anonymous_13)
FN:9,(anonymous_14)
FN:23,(anonymous_16)
FN:29,(anonymous_18)
FNF:4
FNH:0
FNDA:0,(anonymous_13)
FNDA:0,(anonymous_14)
FNDA:0,(anonymous_16)
FNDA:0,(anonymous_18)
DA:1,0
DA:5,0
DA:6,0
DA:7,0
DA:10,0
DA:14,0
DA:15,0
DA:18,0
DA:24,0
DA:30,0
LF:10
LH:0
BRDA:14,0,0,0
BRF:1
BRH:0
end_of_record
